# JRE version: OpenJDK Runtime Environment Temurin-17.0.6+10 (17.0.6+10) (build 17.0.6+10)
# Java VM: OpenJDK 64-Bit Server VM Temurin-17.0.6+10 (17.0.6+10, mixed mode, tiered, compressed oops, compressed class ptrs, g1 gc, windows-amd64)
GC Precious Log:
 CPUs: 4 total, 4 available
 Memory: 8058M
 Large Page Support: Disabled
 NUMA Support: Disabled
 Compressed Oops: Enabled (32-bit)
 Heap Region Size: 1M
 Heap Min Capacity: 8M
 Heap Initial Capacity: 126M
 Heap Max Capacity: 2016M
 Pre-touch: Disabled
 Parallel Workers: 4
 Concurrent Workers: 1
 Concurrent Refinement Workers: 4
 Periodic GC: Disabled
Heap:
 garbage-first heap   total 53248K, used 39335K [0x0000000082000000, 0x0000000100000000)
  region size 1024K, 13 young (13312K), 2 survivors (2048K)
 Metaspace       used 77930K, committed 78464K, reserved 1122304K
  class space    used 10099K, committed 10368K, reserved 1048576K
GC Heap History (20 events):
Event: 8.886 GC heap before
{Heap before GC invocations=15 (full 0):
 garbage-first heap   total 46080K, used 24414K [0x0000000082000000, 0x0000000100000000)
  region size 1024K, 5 young (5120K), 1 survivors (1024K)
 Metaspace       used 59859K, committed 60288K, reserved 1105920K
  class space    used 7554K, committed 7808K, reserved 1048576K
}
Event: 8.888 GC heap after
{Heap after GC invocations=16 (full 0):
 garbage-first heap   total 46080K, used 21351K [0x0000000082000000, 0x0000000100000000)
  region size 1024K, 1 young (1024K), 1 survivors (1024K)
 Metaspace       used 59859K, committed 60288K, reserved 1105920K
  class space    used 7554K, committed 7808K, reserved 1048576K
}
Event: 9.245 GC heap before
{Heap before GC invocations=17 (full 0):
 garbage-first heap   total 46080K, used 35687K [0x0000000082000000, 0x0000000100000000)
  region size 1024K, 15 young (15360K), 1 survivors (1024K)
 Metaspace       used 62095K, committed 62592K, reserved 1105920K
  class space    used 7922K, committed 8192K, reserved 1048576K
}
Event: 9.247 GC heap after
{Heap after GC invocations=18 (full 0):
 garbage-first heap   total 46080K, used 22030K [0x0000000082000000, 0x0000000100000000)
  region size 1024K, 2 young (2048K), 2 survivors (2048K)
 Metaspace       used 62095K, committed 62592K, reserved 1105920K
  class space    used 7922K, committed 8192K, reserved 1048576K
}
Event: 23.708 GC heap before
{Heap before GC invocations=18 (full 0):
 garbage-first heap   total 46080K, used 36366K [0x0000000082000000, 0x0000000100000000)
  region size 1024K, 16 young (16384K), 2 survivors (2048K)
 Metaspace       used 64770K, committed 65280K, reserved 1105920K
  class space    used 8260K, committed 8512K, reserved 1048576K
}
Event: 23.715 GC heap after
{Heap after GC invocations=19 (full 0):
 garbage-first heap   total 46080K, used 23345K [0x0000000082000000, 0x0000000100000000)
  region size 1024K, 2 young (2048K), 2 survivors (2048K)
 Metaspace       used 64770K, committed 65280K, reserved 1105920K
  class space    used 8260K, committed 8512K, reserved 1048576K
}
Event: 24.049 GC heap before
{Heap before GC invocations=20 (full 0):
 garbage-first heap   total 46080K, used 36657K [0x0000000082000000, 0x0000000100000000)
  region size 1024K, 15 young (15360K), 2 survivors (2048K)
 Metaspace       used 66231K, committed 66752K, reserved 1114112K
  class space    used 8472K, committed 8704K, reserved 1048576K
}
Event: 24.054 GC heap after
{Heap after GC invocations=21 (full 0):
 garbage-first heap   total 46080K, used 24166K [0x0000000082000000, 0x0000000100000000)
  region size 1024K, 1 young (1024K), 1 survivors (1024K)
 Metaspace       used 66231K, committed 66752K, reserved 1114112K
  class space    used 8472K, committed 8704K, reserved 1048576K
}
Event: 24.177 GC heap before
{Heap before GC invocations=21 (full 0):
 garbage-first heap   total 46080K, used 36454K [0x0000000082000000, 0x0000000100000000)
  region size 1024K, 13 young (13312K), 1 survivors (1024K)
 Metaspace       used 66548K, committed 67008K, reserved 1114112K
  class space    used 8501K, committed 8704K, reserved 1048576K
}
Event: 24.180 GC heap after
{Heap after GC invocations=22 (full 0):
 garbage-first heap   total 46080K, used 24372K [0x0000000082000000, 0x0000000100000000)
  region size 1024K, 1 young (1024K), 1 survivors (1024K)
 Metaspace       used 66548K, committed 67008K, reserved 1114112K
  class space    used 8501K, committed 8704K, reserved 1048576K
}
Event: 24.420 GC heap before
{Heap before GC invocations=23 (full 0):
 garbage-first heap   total 51200K, used 35636K [0x0000000082000000, 0x0000000100000000)
  region size 1024K, 13 young (13312K), 1 survivors (1024K)
 Metaspace       used 67619K, committed 68032K, reserved 1114112K
  class space    used 8626K, committed 8832K, reserved 1048576K
}
Event: 24.423 GC heap after
{Heap after GC invocations=24 (full 0):
 garbage-first heap   total 51200K, used 24938K [0x0000000082000000, 0x0000000100000000)
  region size 1024K, 2 young (2048K), 2 survivors (2048K)
 Metaspace       used 67619K, committed 68032K, reserved 1114112K
  class space    used 8626K, committed 8832K, reserved 1048576K
}
Event: 24.675 GC heap before
{Heap before GC invocations=24 (full 0):
 garbage-first heap   total 51200K, used 40298K [0x0000000082000000, 0x0000000100000000)
  region size 1024K, 18 young (18432K), 2 survivors (2048K)
 Metaspace       used 69643K, committed 70080K, reserved 1114112K
  class space    used 9047K, committed 9280K, reserved 1048576K
}
Event: 24.680 GC heap after
{Heap after GC invocations=25 (full 0):
 garbage-first heap   total 51200K, used 25828K [0x0000000082000000, 0x0000000100000000)
  region size 1024K, 2 young (2048K), 2 survivors (2048K)
 Metaspace       used 69643K, committed 70080K, reserved 1114112K
  class space    used 9047K, committed 9280K, reserved 1048576K
}
Event: 25.023 GC heap before
{Heap before GC invocations=26 (full 0):
 garbage-first heap   total 51200K, used 42212K [0x0000000082000000, 0x0000000100000000)
  region size 1024K, 18 young (18432K), 2 survivors (2048K)
 Metaspace       used 70571K, committed 71040K, reserved 1114112K
  class space    used 9157K, committed 9408K, reserved 1048576K
}
Event: 25.028 GC heap after
{Heap after GC invocations=27 (full 0):
 garbage-first heap   total 51200K, used 26877K [0x0000000082000000, 0x0000000100000000)
  region size 1024K, 3 young (3072K), 3 survivors (3072K)
 Metaspace       used 70571K, committed 71040K, reserved 1114112K
  class space    used 9157K, committed 9408K, reserved 1048576K
}
Event: 25.677 GC heap before
{Heap before GC invocations=27 (full 0):
 garbage-first heap   total 51200K, used 41213K [0x0000000082000000, 0x0000000100000000)
  region size 1024K, 17 young (17408K), 3 survivors (3072K)
 Metaspace       used 72187K, committed 72704K, reserved 1114112K
  class space    used 9371K, committed 9600K, reserved 1048576K
}
Event: 25.688 GC heap after
{Heap after GC invocations=28 (full 0):
 garbage-first heap   total 51200K, used 28527K [0x0000000082000000, 0x0000000100000000)
  region size 1024K, 3 young (3072K), 3 survivors (3072K)
 Metaspace       used 72187K, committed 72704K, reserved 1114112K
  class space    used 9371K, committed 9600K, reserved 1048576K
}
Event: 34.430 GC heap before
{Heap before GC invocations=29 (full 0):
 garbage-first heap   total 53248K, used 40815K [0x0000000082000000, 0x0000000100000000)
  region size 1024K, 15 young (15360K), 3 survivors (3072K)
 Metaspace       used 75315K, committed 75904K, reserved 1122304K
  class space    used 9774K, committed 10048K, reserved 1048576K
}
Event: 34.437 GC heap after
{Heap after GC invocations=30 (full 0):
 garbage-first heap   total 53248K, used 29095K [0x0000000082000000, 0x0000000100000000)
  region size 1024K, 2 young (2048K), 2 survivors (2048K)
 Metaspace       used 75315K, committed 75904K, reserved 1122304K
  class space    used 9774K, committed 10048K, reserved 1048576K
}

